[2026-06-03 01:12:59] [INFO] Kill-tomcat executed
[2026-06-03 01:12:59] [INFO] Clean-all executed
[2026-06-03 01:14:04] [INFO] Kill-tomcat executed
[2026-06-03 01:14:04] [INFO] Clean-all executed
[2026-06-03 01:14:32] [INFO] Open-app executed
[2026-06-03 01:19:00] [INFO] Kill-tomcat executed
[2026-06-03 01:19:00] [INFO] Clean-all executed
[2026-06-03 01:19:12] [INFO] Open-app executed
[2026-06-03 01:47:12] [INFO] Kill-tomcat executed
[2026-06-03 01:47:12] [INFO] Clean-all executed
[2026-06-03 01:47:23] [INFO] Open-app executed
[2026-06-03 12:33:37] [INFO] Clean-all executed
[2026-06-03 12:41:57] [INFO] Clean-all executed
[2026-06-03 12:42:07] [INFO] Kill-tomcat executed
[2026-06-03 12:42:07] [INFO] Clean-all executed
[2026-06-03 12:42:17] [INFO] Open-app executed
[2026-06-03 12:47:48] [INFO] Kill-tomcat executed
[2026-06-03 12:47:48] [INFO] Clean-all executed
[2026-06-03 12:48:00] [INFO] Open-app executed
[2026-06-03 12:49:15] [INFO] Kill-tomcat executed
[2026-06-03 12:49:15] [INFO] Clean-all executed
[2026-06-03 12:49:26] [INFO] Open-app executed
[2026-06-03 17:33:14] [INFO] Kill-tomcat executed
[2026-06-03 17:33:14] [INFO] Clean-all executed
[2026-06-03 17:33:24] [INFO] Open-app executed
[2026-06-03 17:52:42] [INFO] Kill-tomcat executed
[2026-06-03 17:52:42] [INFO] Clean-all executed
[2026-06-03 17:52:55] [INFO] Open-app executed
[2026-06-03 18:51:51] [INFO] Kill-tomcat executed
[2026-06-03 18:51:51] [INFO] Clean-all executed
[2026-06-03 18:52:04] [INFO] Open-app executed
[2026-06-03 19:07:43] [INFO] Kill-tomcat executed
[2026-06-03 19:07:43] [INFO] Clean-all executed
[2026-06-03 19:07:56] [INFO] Open-app executed
[2026-06-03 19:12:24] [INFO] Kill-tomcat executed
[2026-06-03 19:12:24] [INFO] Clean-all executed
[2026-06-03 19:12:35] [INFO] Open-app executed
[2026-06-03 19:47:50] [INFO] Kill-tomcat executed
[2026-06-03 19:47:51] [INFO] Clean-all executed
[2026-06-03 19:48:10] [INFO] Open-app executed
[2026-06-03 19:48:45] [INFO] Kill-tomcat executed
[2026-06-03 19:48:45] [INFO] Clean-all executed
[2026-06-03 19:49:00] [INFO] Open-app executed
[2026-06-03 19:58:43] [INFO] Kill-tomcat executed
[2026-06-03 19:58:43] [INFO] Clean-all executed
[2026-06-03 19:58:57] [INFO] Open-app executed
[2026-06-03 20:02:38] [INFO] Kill-tomcat executed
[2026-06-03 20:02:38] [INFO] Clean-all executed
[2026-06-03 20:02:50] [INFO] Open-app executed
[2026-06-03 20:14:49] [INFO] Kill-tomcat executed
[2026-06-03 20:14:50] [INFO] Clean-all executed
[2026-06-03 20:15:03] [INFO] Open-app executed
[2026-06-03 23:50:39] [INFO] Kill-tomcat executed
[2026-06-03 23:50:39] [INFO] Clean-all executed
[2026-06-03 23:55:47] [INFO] Kill-tomcat executed
[2026-06-03 23:55:47] [INFO] Clean-all executed
[2026-06-04 00:38:49] [INFO] Kill-tomcat executed
[2026-06-04 00:38:49] [INFO] Clean-all executed
[2026-06-04 00:39:02] [INFO] Open-app executed
[2026-06-04 03:12:26] [INFO] Kill-tomcat executed
[2026-06-04 03:12:26] [INFO] Clean-all executed
[2026-06-04 03:12:43] [INFO] Open-app executed
[2026-06-04 03:13:10] [INFO] Kill-tomcat executed
[2026-06-04 03:13:10] [INFO] Clean-all executed
[2026-06-04 03:13:25] [INFO] Open-app executed
[2026-06-04 03:21:28] [INFO] Kill-tomcat executed
[2026-06-04 03:21:28] [INFO] Clean-all executed
[2026-06-04 03:21:45] [INFO] Open-app executed
[2026-06-04 03:24:20] [INFO] Clean-all executed
[2026-06-04 03:24:38] [INFO] Kill-tomcat executed
[2026-06-04 03:24:38] [INFO] Clean-all executed
[2026-06-04 03:25:15] [INFO] Kill-tomcat executed
[2026-06-04 03:25:15] [INFO] Clean-all executed
[2026-06-04 03:25:27] [INFO] Open-app executed
[2026-06-04 03:27:13] [INFO] Kill-tomcat executed
[2026-06-04 03:27:13] [INFO] Clean-all executed
[2026-06-04 03:27:31] [INFO] Open-app executed
[2026-06-04 03:27:47] [INFO] Kill-tomcat executed
[2026-06-04 03:27:47] [INFO] Clean-all executed
[2026-06-04 03:28:00] [INFO] Open-app executed
[2026-06-04 03:34:02] [INFO] Kill-tomcat executed
[2026-06-04 03:34:02] [INFO] Clean-all executed
[2026-06-04 03:34:19] [INFO] Open-app executed
[2026-06-04 15:32:05] [INFO] Created tomcat_config.ini from template.
[2026-06-04 15:32:05] [INFO] Created .env from template.
